\BOOKMARK [1][]{section.1}{Introduction}{}% 1
\BOOKMARK [2][]{subsection.1.1}{Remote Sensing of Cover}{section.1}% 2
\BOOKMARK [2][]{subsection.1.2}{Deriving Consistent Endmembers}{section.1}% 3
\BOOKMARK [1][]{section.2}{Data and Methods}{}% 4
\BOOKMARK [2][]{subsection.2.1}{Data}{section.2}% 5
\BOOKMARK [3][]{subsubsection.2.1.1}{Field Data}{subsection.2.1}% 6
\BOOKMARK [3][]{subsubsection.2.1.2}{Image Data}{subsection.2.1}% 7
\BOOKMARK [3][]{subsubsection.2.1.3}{Extraction }{subsection.2.1}% 8
\BOOKMARK [2][]{subsection.2.2}{Generating Endmembers from Field Observations}{section.2}% 9
\BOOKMARK [3][]{subsubsection.2.2.1}{Inverting the Field Observations}{subsection.2.2}% 10
\BOOKMARK [3][]{subsubsection.2.2.2}{Variable Transformation and Cross Validation}{subsection.2.2}% 11
\BOOKMARK [2][]{subsection.2.3}{Unmixing Methodology}{section.2}% 12
\BOOKMARK [3][]{subsubsection.2.3.1}{Application to Real Imagery}{subsection.2.3}% 13
\BOOKMARK [2][]{subsection.2.4}{Validation using Field Data}{section.2}% 14
\BOOKMARK [1][]{section.3}{Results and Discussion}{}% 15
\BOOKMARK [2][]{subsection.3.1}{Field Data}{section.3}% 16
\BOOKMARK [2][]{subsection.3.2}{Endmembers}{section.3}% 17
\BOOKMARK [3][]{subsubsection.3.2.1}{Extracted Linear Endmembers}{subsection.3.2}% 18
\BOOKMARK [3][]{subsubsection.3.2.2}{Final Endmembers with Variable Transformation}{subsection.3.2}% 19
\BOOKMARK [3][]{subsubsection.3.2.3}{Fraction Images from the Constrained Model}{subsection.3.2}% 20
\BOOKMARK [2][]{subsection.3.3}{Quantitative Validation}{section.3}% 21
\BOOKMARK [3][]{subsubsection.3.3.1}{Validation against Lidar Sites}{subsection.3.3}% 22
\BOOKMARK [3][]{subsubsection.3.3.2}{Validation at Wambiana}{subsection.3.3}% 23
\BOOKMARK [1][]{section.4}{Conclusions}{}% 24
